[debug] [2022-11-01T20:29:37.470Z] ----------------------------------------------------------------------
[debug] [2022-11-01T20:29:37.472Z] Command:       C:\Program Files\nodejs\node.exe C:\Users\pronn\AppData\Roaming\npm\node_modules\firebase-tools\lib\bin\firebase.js init
[debug] [2022-11-01T20:29:37.473Z] CLI Version:   11.15.0
[debug] [2022-11-01T20:29:37.473Z] Platform:      win32
[debug] [2022-11-01T20:29:37.473Z] Node Version:  v16.15.1
[debug] [2022-11-01T20:29:37.474Z] Time:          Wed Nov 02 2022 01:59:37 GMT+0530 (India Standard Time)
[debug] [2022-11-01T20:29:37.474Z] ----------------------------------------------------------------------
[debug] 
[debug] [2022-11-01T20:29:37.482Z] > command requires scopes: ["email","openid","https://www.googleapis.com/auth/cloudplatformprojects.readonly","https://www.googleapis.com/auth/firebase","https://www.googleapis.com/auth/cloud-platform"]
[debug] [2022-11-01T20:29:37.482Z] > authorizing via signed-in user (subrato3tapaswi@gmail.com)
[info] 
     ######## #### ########  ######## ########     ###     ######  ########
     ##        ##  ##     ## ##       ##     ##  ##   ##  ##       ##
     ######    ##  ########  ######   ########  #########  ######  ######
     ##        ##  ##    ##  ##       ##     ## ##     ##       ## ##
     ##       #### ##     ## ######## ########  ##     ##  ######  ########

You're about to initialize a Firebase project in this directory:

  C:\Users\pronn\OneDrive\Desktop\netflix-clone

[info] 
=== Project Setup
[info] 
[info] First, let's associate this project directory with a Firebase project.
[info] You can create multiple project aliases by running firebase use --add, 
[info] but for now we'll just set up a default project.
[info] 
[debug] [2022-11-01T20:31:02.413Z] > refreshing access token with scopes: []
[debug] [2022-11-01T20:31:02.415Z] >>> [apiv2][query] POST https://www.googleapis.com/oauth2/v3/token [none]
[debug] [2022-11-01T20:31:02.415Z] >>> [apiv2][body] POST https://www.googleapis.com/oauth2/v3/token [omitted]
[debug] [2022-11-01T20:31:02.615Z] <<< [apiv2][status] POST https://www.googleapis.com/oauth2/v3/token 200
[debug] [2022-11-01T20:31:02.615Z] <<< [apiv2][body] POST https://www.googleapis.com/oauth2/v3/token [omitted]
[debug] [2022-11-01T20:31:02.628Z] >>> [apiv2][query] GET https://firebase.googleapis.com/v1beta1/projects pageSize=100
[debug] [2022-11-01T20:31:03.364Z] <<< [apiv2][status] GET https://firebase.googleapis.com/v1beta1/projects 200
[debug] [2022-11-01T20:31:03.364Z] <<< [apiv2][body] GET https://firebase.googleapis.com/v1beta1/projects [omitted]
[info] i  Using project netflix-clone-subrato (netflix-clone) 
[info] 
=== Hosting Setup
[info] 
[info] Your public directory is the folder (relative to your project directory) that
[info] will contain Hosting assets to be uploaded with firebase deploy. If you
[info] have a build process for your assets, use your build's output directory.
[info] 
[debug] [2022-11-01T20:33:19.924Z] >>> [apiv2][query] GET https://www.gstatic.com/firebasejs/releases.json [none]
[debug] [2022-11-01T20:33:20.007Z] <<< [apiv2][status] GET https://www.gstatic.com/firebasejs/releases.json 200
[debug] [2022-11-01T20:33:20.007Z] <<< [apiv2][body] GET https://www.gstatic.com/firebasejs/releases.json {"current":{"version":"9.13.0","browserURL":"https://www.gstatic.com/firebasejs/9.13.0/firebase.js","packageURL":"https://www.gstatic.com/firebasejs/9.13.0/firebase.tgz"},"live":{"version":"9.13","browserURL":"https://www.gstatic.com/firebasejs/live/9.13/firebase.js","packageURL":"https://www.gstatic.com/firebasejs/live/9.13/firebase.tgz"},"components":{"analytics":"https://www.gstatic.com/firebasejs/9.13.0/firebase-analytics.js","app":"https://www.gstatic.com/firebasejs/9.13.0/firebase-app.js","app-check":"https://www.gstatic.com/firebasejs/9.13.0/firebase-app-check.js","auth":"https://www.gstatic.com/firebasejs/9.13.0/firebase-auth.js","auth/cordova":"https://www.gstatic.com/firebasejs/9.13.0/firebase-auth/cordova.js","auth/react-native":"https://www.gstatic.com/firebasejs/9.13.0/firebase-auth/react-native.js","functions":"https://www.gstatic.com/firebasejs/9.13.0/firebase-functions.js","firestore":"https://www.gstatic.com/firebasejs/9.13.0/firebase-firestore.js","firestore/lite":"https://www.gstatic.com/firebasejs/9.13.0/firebase-firestore/lite.js","installations":"https://www.gstatic.com/firebasejs/9.13.0/firebase-installations.js","storage":"https://www.gstatic.com/firebasejs/9.13.0/firebase-storage.js","performance":"https://www.gstatic.com/firebasejs/9.13.0/firebase-performance.js","remote-config":"https://www.gstatic.com/firebasejs/9.13.0/firebase-remote-config.js","messaging":"https://www.gstatic.com/firebasejs/9.13.0/firebase-messaging.js","messaging/sw":"https://www.gstatic.com/firebasejs/9.13.0/firebase-messaging/sw.js","database":"https://www.gstatic.com/firebasejs/9.13.0/firebase-database.js","firestore.memory":"https://www.gstatic.com/firebasejs/9.13.0/firebase-firestore.memory.js"}}
[info] +  Wrote build/index.html 
[info] 
[info] i  Detected a .git folder at C:\Users\pronn\OneDrive\Desktop\netflix-clone 
[info] i  Authorizing with GitHub to upload your service account to a GitHub repository's secrets store. 
[info] 
[info] Visit this URL on this device to log in:
[info] https://github.com/login/oauth/authorize?client_id=89cf50f02ac6aaed3484&state=624470248&redirect_uri=http%3A%2F%2Flocalhost%3A9005&scope=read%3Auser%20repo%20public_repo
[info] 
[info] Waiting for authentication...
[debug] [2022-11-01T20:33:20.603Z] >>> [apiv2][query] POST https://github.com/login/oauth/access_token [none]
[debug] [2022-11-01T20:33:20.603Z] >>> [apiv2][body] POST https://github.com/login/oauth/access_token [stream]
[debug] [2022-11-01T20:33:20.974Z] <<< [apiv2][status] POST https://github.com/login/oauth/access_token 200
[debug] [2022-11-01T20:33:20.974Z] <<< [apiv2][body] POST https://github.com/login/oauth/access_token {"access_token":"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","token_type":"bearer","scope":"read:user,repo"}
[debug] [2022-11-01T20:33:20.981Z] >>> [apiv2][query] GET https://api.github.com/user [none]
[debug] [2022-11-01T20:33:21.299Z] <<< [apiv2][status] GET https://api.github.com/user 200
[debug] [2022-11-01T20:33:21.299Z] <<< [apiv2][body] GET https://api.github.com/user {"login":"subrato3","id":85778323,"node_id":"MDQ6VXNlcjg1Nzc4MzIz","avatar_url":"https://avatars.githubusercontent.com/u/85778323?v=4","gravatar_id":"","url":"https://api.github.com/users/subrato3","html_url":"https://github.com/subrato3","followers_url":"https://api.github.com/users/subrato3/followers","following_url":"https://api.github.com/users/subrato3/following{/other_user}","gists_url":"https://api.github.com/users/subrato3/gists{/gist_id}","starred_url":"https://api.github.com/users/subrato3/starred{/owner}{/repo}","subscriptions_url":"https://api.github.com/users/subrato3/subscriptions","organizations_url":"https://api.github.com/users/subrato3/orgs","repos_url":"https://api.github.com/users/subrato3/repos","events_url":"https://api.github.com/users/subrato3/events{/privacy}","received_events_url":"https://api.github.com/users/subrato3/received_events","type":"User","site_admin":false,"name":"Subrato Tapaswi","company":null,"blog":"","location":null,"email":null,"hireable":null,"bio":null,"twitter_username":null,"public_repos":8,"public_gists":0,"followers":9,"following":19,"created_at":"2021-06-12T05:19:46Z","updated_at":"2022-10-24T17:38:21Z","private_gists":0,"total_private_repos":0,"owned_private_repos":0,"disk_usage":38,"collaborators":0,"two_factor_authentication":false,"plan":{"name":"pro","space":976562499,"collaborators":0,"private_repos":9999}}
[info] 
[info] +  Success! Logged into GitHub as subrato3 
[info] 
